# JRE version: Java(TM) SE Runtime Environment (8.0_171-b11) (build 1.8.0_171-b11)
# Java VM: Java HotSpot(TM) 64-Bit Server VM (25.171-b11 mixed mode linux-amd64 compressed oops)
Heap:
 PSYoungGen      total 86528K, used 57718K [0x000000078c700000, 0x0000000797000000, 0x00000007c0000000)
  eden space 79872K, 63% used [0x000000078c700000,0x000000078f8e5728,0x0000000791500000)
  from space 6656K, 99% used [0x0000000791500000,0x0000000791b78470,0x0000000791b80000)
  to   space 6656K, 0% used [0x0000000796980000,0x0000000796980000,0x0000000797000000)
 ParOldGen       total 106496K, used 12145K [0x0000000725400000, 0x000000072bc00000, 0x000000078c700000)
  object space 106496K, 11% used [0x0000000725400000,0x0000000725fdc6d8,0x000000072bc00000)
 Metaspace       used 10351K, capacity 10552K, committed 10752K, reserved 1058816K
  class space    used 1082K, capacity 1153K, committed 1280K, reserved 1048576K
GC Heap History (6 events):
Event: 1.195 GC heap before
{Heap before GC invocations=1 (full 0):
 PSYoungGen      total 46592K, used 39936K [0x000000078c700000, 0x000000078fb00000, 0x00000007c0000000)
  eden space 39936K, 100% used [0x000000078c700000,0x000000078ee00000,0x000000078ee00000)
  from space 6656K, 0% used [0x000000078f480000,0x000000078f480000,0x000000078fb00000)
  to   space 6656K, 0% used [0x000000078ee00000,0x000000078ee00000,0x000000078f480000)
 ParOldGen       total 106496K, used 0K [0x0000000725400000, 0x000000072bc00000, 0x000000078c700000)
  object space 106496K, 0% used [0x0000000725400000,0x0000000725400000,0x000000072bc00000)
 Metaspace       used 8976K, capacity 9176K, committed 9344K, reserved 1056768K
  class space    used 989K, capacity 1057K, committed 1152K, reserved 1048576K
Event: 1.226 GC heap after
Heap after GC invocations=1 (full 0):
 PSYoungGen      total 46592K, used 6640K [0x000000078c700000, 0x0000000792200000, 0x00000007c0000000)
  eden space 39936K, 0% used [0x000000078c700000,0x000000078c700000,0x000000078ee00000)
  from space 6656K, 99% used [0x000000078ee00000,0x000000078f47c200,0x000000078f480000)
  to   space 6656K, 0% used [0x0000000791b80000,0x0000000791b80000,0x0000000792200000)
 ParOldGen       total 106496K, used 4062K [0x0000000725400000, 0x000000072bc00000, 0x000000078c700000)
  object space 106496K, 3% used [0x0000000725400000,0x00000007257f7a90,0x000000072bc00000)
 Metaspace       used 8976K, capacity 9176K, committed 9344K, reserved 1056768K
  class space    used 989K, capacity 1057K, committed 1152K, reserved 1048576K
}
Event: 2.010 GC heap before
{Heap before GC invocations=2 (full 0):
 PSYoungGen      total 46592K, used 46576K [0x000000078c700000, 0x0000000792200000, 0x00000007c0000000)
  eden space 39936K, 100% used [0x000000078c700000,0x000000078ee00000,0x000000078ee00000)
  from space 6656K, 99% used [0x000000078ee00000,0x000000078f47c200,0x000000078f480000)
  to   space 6656K, 0% used [0x0000000791b80000,0x0000000791b80000,0x0000000792200000)
 ParOldGen       total 106496K, used 4062K [0x0000000725400000, 0x000000072bc00000, 0x000000078c700000)
  object space 106496K, 3% used [0x0000000725400000,0x00000007257f7a90,0x000000072bc00000)
 Metaspace       used 10206K, capacity 10424K, committed 10752K, reserved 1058816K
  class space    used 1078K, capacity 1153K, committed 1280K, reserved 1048576K
Event: 2.025 GC heap after
Heap after GC invocations=2 (full 0):
 PSYoungGen      total 86528K, used 6624K [0x000000078c700000, 0x0000000792200000, 0x00000007c0000000)
  eden space 79872K, 0% used [0x000000078c700000,0x000000078c700000,0x0000000791500000)
  from space 6656K, 99% used [0x0000000791b80000,0x00000007921f8310,0x0000000792200000)
  to   space 6656K, 0% used [0x0000000791500000,0x0000000791500000,0x0000000791b80000)
 ParOldGen       total 106496K, used 9554K [0x0000000725400000, 0x000000072bc00000, 0x000000078c700000)
  object space 106496K, 8% used [0x0000000725400000,0x0000000725d548c8,0x000000072bc00000)
 Metaspace       used 10206K, capacity 10424K, committed 10752K, reserved 1058816K
  class space    used 1078K, capacity 1153K, committed 1280K, reserved 1048576K
}
Event: 2.677 GC heap before
{Heap before GC invocations=3 (full 0):
 PSYoungGen      total 86528K, used 86496K [0x000000078c700000, 0x0000000792200000, 0x00000007c0000000)
  eden space 79872K, 100% used [0x000000078c700000,0x0000000791500000,0x0000000791500000)
  from space 6656K, 99% used [0x0000000791b80000,0x00000007921f8310,0x0000000792200000)
  to   space 6656K, 0% used [0x0000000791500000,0x0000000791500000,0x0000000791b80000)
 ParOldGen       total 106496K, used 9554K [0x0000000725400000, 0x000000072bc00000, 0x000000078c700000)
  object space 106496K, 8% used [0x0000000725400000,0x0000000725d548c8,0x000000072bc00000)
 Metaspace       used 10257K, capacity 10424K, committed 10752K, reserved 1058816K
  class space    used 1078K, capacity 1153K, committed 1280K, reserved 1048576K
Event: 2.688 GC heap after
Heap after GC invocations=3 (full 0):
 PSYoungGen      total 86528K, used 6625K [0x000000078c700000, 0x0000000797000000, 0x00000007c0000000)
  eden space 79872K, 0% used [0x000000078c700000,0x000000078c700000,0x0000000791500000)
  from space 6656K, 99% used [0x0000000791500000,0x0000000791b78470,0x0000000791b80000)
  to   space 6656K, 0% used [0x0000000796980000,0x0000000796980000,0x0000000797000000)
 ParOldGen       total 106496K, used 12145K [0x0000000725400000, 0x000000072bc00000, 0x000000078c700000)
  object space 106496K, 11% used [0x0000000725400000,0x0000000725fdc6d8,0x000000072bc00000)
 Metaspace       used 10257K, capacity 10424K, committed 10752K, reserved 1058816K
  class space    used 1078K, capacity 1153K, committed 1280K, reserved 1048576K
}

