# JRE version: Java(TM) SE Runtime Environment (8.0_171-b11) (build 1.8.0_171-b11)
# Java VM: Java HotSpot(TM) 64-Bit Server VM (25.171-b11 mixed mode linux-amd64 compressed oops)
Heap:
 PSYoungGen      total 86528K, used 85282K [0x000000078c700000, 0x0000000792200000, 0x00000007c0000000)
  eden space 79872K, 98% used [0x000000078c700000,0x00000007913ce188,0x0000000791500000)
  from space 6656K, 99% used [0x0000000791b80000,0x00000007921fa728,0x0000000792200000)
  to   space 6656K, 0% used [0x0000000791500000,0x0000000791500000,0x0000000791b80000)
 ParOldGen       total 106496K, used 10491K [0x0000000725400000, 0x000000072bc00000, 0x000000078c700000)
  object space 106496K, 9% used [0x0000000725400000,0x0000000725e3efd8,0x000000072bc00000)
 Metaspace       used 10893K, capacity 11100K, committed 11264K, reserved 1058816K
  class space    used 1169K, capacity 1251K, committed 1280K, reserved 1048576K
GC Heap History (4 events):
Event: 1.200 GC heap before
{Heap before GC invocations=1 (full 0):
 PSYoungGen      total 46592K, used 39936K [0x000000078c700000, 0x000000078fb00000, 0x00000007c0000000)
  eden space 39936K, 100% used [0x000000078c700000,0x000000078ee00000,0x000000078ee00000)
  from space 6656K, 0% used [0x000000078f480000,0x000000078f480000,0x000000078fb00000)
  to   space 6656K, 0% used [0x000000078ee00000,0x000000078ee00000,0x000000078f480000)
 ParOldGen       total 106496K, used 0K [0x0000000725400000, 0x000000072bc00000, 0x000000078c700000)
  object space 106496K, 0% used [0x0000000725400000,0x0000000725400000,0x000000072bc00000)
 Metaspace       used 8975K, capacity 9176K, committed 9344K, reserved 1056768K
  class space    used 989K, capacity 1057K, committed 1152K, reserved 1048576K
Event: 1.223 GC heap after
Heap after GC invocations=1 (full 0):
 PSYoungGen      total 46592K, used 6640K [0x000000078c700000, 0x0000000792200000, 0x00000007c0000000)
  eden space 39936K, 0% used [0x000000078c700000,0x000000078c700000,0x000000078ee00000)
  from space 6656K, 99% used [0x000000078ee00000,0x000000078f47c190,0x000000078f480000)
  to   space 6656K, 0% used [0x0000000791b80000,0x0000000791b80000,0x0000000792200000)
 ParOldGen       total 106496K, used 4138K [0x0000000725400000, 0x000000072bc00000, 0x000000078c700000)
  object space 106496K, 3% used [0x0000000725400000,0x000000072580a930,0x000000072bc00000)
 Metaspace       used 8975K, capacity 9176K, committed 9344K, reserved 1056768K
  class space    used 989K, capacity 1057K, committed 1152K, reserved 1048576K
}
Event: 1.858 GC heap before
{Heap before GC invocations=2 (full 0):
 PSYoungGen      total 46592K, used 46576K [0x000000078c700000, 0x0000000792200000, 0x00000007c0000000)
  eden space 39936K, 100% used [0x000000078c700000,0x000000078ee00000,0x000000078ee00000)
  from space 6656K, 99% used [0x000000078ee00000,0x000000078f47c190,0x000000078f480000)
  to   space 6656K, 0% used [0x0000000791b80000,0x0000000791b80000,0x0000000792200000)
 ParOldGen       total 106496K, used 4138K [0x0000000725400000, 0x000000072bc00000, 0x000000078c700000)
  object space 106496K, 3% used [0x0000000725400000,0x000000072580a930,0x000000072bc00000)
 Metaspace       used 10756K, capacity 10972K, committed 11264K, reserved 1058816K
  class space    used 1164K, capacity 1251K, committed 1280K, reserved 1048576K
Event: 1.879 GC heap after
Heap after GC invocations=2 (full 0):
 PSYoungGen      total 86528K, used 6633K [0x000000078c700000, 0x0000000792200000, 0x00000007c0000000)
  eden space 79872K, 0% used [0x000000078c700000,0x000000078c700000,0x0000000791500000)
  from space 6656K, 99% used [0x0000000791b80000,0x00000007921fa728,0x0000000792200000)
  to   space 6656K, 0% used [0x0000000791500000,0x0000000791500000,0x0000000791b80000)
 ParOldGen       total 106496K, used 10491K [0x0000000725400000, 0x000000072bc00000, 0x000000078c700000)
  object space 106496K, 9% used [0x0000000725400000,0x0000000725e3efd8,0x000000072bc00000)
 Metaspace       used 10756K, capacity 10972K, committed 11264K, reserved 1058816K
  class space    used 1164K, capacity 1251K, committed 1280K, reserved 1048576K
}

